RUN	RinhaBackendSimulation	rinhabackendsimulation	1693248584920	DeveloperArthur	3.9.5
USER	Criação E Talvez Consulta de Pessoas	START	1693248586795
USER	Busca Válida de Pessoas	START	1693248586800
USER	Busca Inválida de Pessoas	START	1693248586868
REQUEST		busca válida	1693248586853	1693248586895	OK	 
REQUEST		criação	1693248586852	1693248586894	OK	 
REQUEST		busca inválida	1693248586852	1693248586895	OK	 
USER	Busca Válida de Pessoas	END	1693248586905
USER	Busca Inválida de Pessoas	END	1693248586905
REQUEST		consulta	1693248586914	1693248586926	OK	 
USER	Criação E Talvez Consulta de Pessoas	END	1693248586927
USER	Busca Válida de Pessoas	START	1693248587265
USER	Busca Inválida de Pessoas	START	1693248587277
USER	Criação E Talvez Consulta de Pessoas	START	1693248587277
REQUEST		busca inválida	1693248587265	1693248587290	OK	 
USER	Busca Inválida de Pessoas	END	1693248587291
REQUEST		busca válida	1693248587266	1693248587295	OK	 
USER	Busca Válida de Pessoas	END	1693248587296
REQUEST		criação	1693248587280	1693248587297	OK	 
REQUEST		consulta	1693248587311	1693248587314	OK	 
USER	Criação E Talvez Consulta de Pessoas	END	1693248587315
USER	Busca Válida de Pessoas	START	1693248587765
USER	Busca Inválida de Pessoas	START	1693248587769
USER	Criação E Talvez Consulta de Pessoas	START	1693248587778
REQUEST		busca inválida	1693248587765	1693248587784	OK	 
REQUEST		busca válida	1693248587767	1693248587785	OK	 
USER	Busca Inválida de Pessoas	END	1693248587787
USER	Busca Válida de Pessoas	END	1693248587787
REQUEST		criação	1693248587786	1693248587797	OK	 
REQUEST		consulta	1693248587824	1693248587832	OK	 
USER	Criação E Talvez Consulta de Pessoas	END	1693248587833
USER	Busca Válida de Pessoas	START	1693248588266
USER	Criação E Talvez Consulta de Pessoas	START	1693248588280
USER	Busca Inválida de Pessoas	START	1693248588280
REQUEST		busca inválida	1693248588269	1693248588291	OK	 
USER	Busca Inválida de Pessoas	END	1693248588292
REQUEST		busca válida	1693248588280	1693248588299	OK	 
USER	Busca Válida de Pessoas	END	1693248588300
REQUEST		criação	1693248588286	1693248588306	OK	 
REQUEST		consulta	1693248588320	1693248588330	OK	 
USER	Criação E Talvez Consulta de Pessoas	END	1693248588331
USER	Busca Inválida de Pessoas	START	1693248588771
USER	Busca Válida de Pessoas	START	1693248588773
USER	Criação E Talvez Consulta de Pessoas	START	1693248588780
REQUEST		busca inválida	1693248588768	1693248588780	OK	 
USER	Busca Inválida de Pessoas	END	1693248588780
REQUEST		busca válida	1693248588775	1693248588788	OK	 
USER	Busca Válida de Pessoas	END	1693248588791
REQUEST		criação	1693248588781	1693248588793	OK	 
REQUEST		consulta	1693248588808	1693248588817	OK	 
USER	Criação E Talvez Consulta de Pessoas	END	1693248588819
USER	Criação E Talvez Consulta de Pessoas	START	1693248589262
USER	Busca Válida de Pessoas	START	1693248589263
USER	Busca Inválida de Pessoas	START	1693248589270
REQUEST		busca inválida	1693248589266	1693248589291	OK	 
REQUEST		busca válida	1693248589269	1693248589294	OK	 
REQUEST		criação	1693248589268	1693248589295	OK	 
USER	Busca Válida de Pessoas	END	1693248589297
USER	Busca Inválida de Pessoas	END	1693248589298
REQUEST		consulta	1693248589331	1693248589345	OK	 
USER	Criação E Talvez Consulta de Pessoas	END	1693248589346
USER	Busca Válida de Pessoas	START	1693248589765
USER	Criação E Talvez Consulta de Pessoas	START	1693248589768
USER	Busca Inválida de Pessoas	START	1693248589770
REQUEST		busca inválida	1693248589766	1693248589782	OK	 
USER	Busca Inválida de Pessoas	END	1693248589785
REQUEST		busca válida	1693248589768	1693248589787	OK	 
USER	Busca Válida de Pessoas	END	1693248589788
REQUEST		criação	1693248589776	1693248589790	OK	 
REQUEST		consulta	1693248589825	1693248589832	OK	 
USER	Criação E Talvez Consulta de Pessoas	END	1693248589835
USER	Busca Válida de Pessoas	START	1693248590266
USER	Criação E Talvez Consulta de Pessoas	START	1693248590266
USER	Busca Inválida de Pessoas	START	1693248590283
REQUEST		busca inválida	1693248590266	1693248590289	OK	 
REQUEST		busca válida	1693248590271	1693248590289	OK	 
USER	Busca Válida de Pessoas	END	1693248590290
USER	Busca Inválida de Pessoas	END	1693248590290
REQUEST		criação	1693248590283	1693248590293	OK	 
REQUEST		consulta	1693248590297	1693248590304	OK	 
USER	Criação E Talvez Consulta de Pessoas	END	1693248590308
USER	Busca Válida de Pessoas	START	1693248590765
USER	Criação E Talvez Consulta de Pessoas	START	1693248590765
USER	Busca Inválida de Pessoas	START	1693248590768
REQUEST		busca inválida	1693248590764	1693248590779	OK	 
USER	Busca Inválida de Pessoas	END	1693248590784
REQUEST		busca válida	1693248590766	1693248590787	OK	 
REQUEST		criação	1693248590767	1693248590789	OK	 
USER	Busca Válida de Pessoas	END	1693248590788
REQUEST		consulta	1693248590820	1693248590830	OK	 
USER	Criação E Talvez Consulta de Pessoas	END	1693248590832
USER	Busca Válida de Pessoas	START	1693248591266
USER	Criação E Talvez Consulta de Pessoas	START	1693248591266
USER	Busca Inválida de Pessoas	START	1693248591270
REQUEST		busca válida	1693248591268	1693248591284	OK	 
USER	Busca Válida de Pessoas	END	1693248591288
REQUEST		busca inválida	1693248591263	1693248591286	OK	 
USER	Busca Inválida de Pessoas	END	1693248591291
REQUEST		criação	1693248591268	1693248591286	OK	 
USER	Criação E Talvez Consulta de Pessoas	END	1693248591303
USER	Busca Inválida de Pessoas	START	1693248591768
USER	Busca Válida de Pessoas	START	1693248591768
USER	Criação E Talvez Consulta de Pessoas	START	1693248591768
REQUEST		busca válida	1693248591774	1693248591806	OK	 
REQUEST		busca inválida	1693248591766	1693248591805	OK	 
USER	Busca Válida de Pessoas	END	1693248591812
USER	Busca Inválida de Pessoas	END	1693248591812
REQUEST		criação	1693248591774	1693248591816	OK	 
REQUEST		consulta	1693248591844	1693248591855	OK	 
USER	Criação E Talvez Consulta de Pessoas	END	1693248591859
USER	Criação E Talvez Consulta de Pessoas	START	1693248592267
USER	Busca Válida de Pessoas	START	1693248592266
USER	Busca Inválida de Pessoas	START	1693248592269
REQUEST		busca inválida	1693248592266	1693248592278	OK	 
REQUEST		busca válida	1693248592269	1693248592282	OK	 
REQUEST		criação	1693248592268	1693248592282	OK	 
USER	Busca Inválida de Pessoas	END	1693248592283
USER	Busca Válida de Pessoas	END	1693248592284
REQUEST		consulta	1693248592300	1693248592306	OK	 
USER	Criação E Talvez Consulta de Pessoas	END	1693248592312
USER	Busca Válida de Pessoas	START	1693248592767
USER	Busca Inválida de Pessoas	START	1693248592768
USER	Criação E Talvez Consulta de Pessoas	START	1693248592768
REQUEST		busca válida	1693248592775	1693248592789	OK	 
REQUEST		busca inválida	1693248592766	1693248592789	OK	 
USER	Busca Válida de Pessoas	END	1693248592790
USER	Busca Inválida de Pessoas	END	1693248592790
REQUEST		criação	1693248592776	1693248592794	OK	 
REQUEST		consulta	1693248592801	1693248592805	OK	 
USER	Criação E Talvez Consulta de Pessoas	END	1693248592806
USER	Criação E Talvez Consulta de Pessoas	START	1693248593266
USER	Busca Válida de Pessoas	START	1693248593266
USER	Busca Inválida de Pessoas	START	1693248593272
REQUEST		busca inválida	1693248593270	1693248593286	OK	 
REQUEST		criação	1693248593271	1693248593286	OK	 
REQUEST		busca válida	1693248593271	1693248593288	OK	 
USER	Busca Inválida de Pessoas	END	1693248593288
USER	Busca Válida de Pessoas	END	1693248593289
REQUEST		consulta	1693248593302	1693248593310	OK	 
USER	Criação E Talvez Consulta de Pessoas	END	1693248593311
USER	Busca Válida de Pessoas	START	1693248593765
USER	Criação E Talvez Consulta de Pessoas	START	1693248593766
USER	Busca Inválida de Pessoas	START	1693248593778
REQUEST		busca inválida	1693248593766	1693248593802	OK	 
USER	Busca Inválida de Pessoas	END	1693248593803
REQUEST		busca válida	1693248593775	1693248593804	OK	 
USER	Busca Válida de Pessoas	END	1693248593805
REQUEST		criação	1693248593785	1693248593806	OK	 
REQUEST		consulta	1693248593834	1693248593854	OK	 
USER	Criação E Talvez Consulta de Pessoas	END	1693248593857
USER	Busca Válida de Pessoas	START	1693248594270
USER	Criação E Talvez Consulta de Pessoas	START	1693248594272
USER	Busca Inválida de Pessoas	START	1693248594273
REQUEST		busca inválida	1693248594266	1693248594284	OK	 
USER	Busca Inválida de Pessoas	END	1693248594290
REQUEST		busca válida	1693248594276	1693248594306	OK	 
REQUEST		criação	1693248594277	1693248594306	OK	 
USER	Busca Válida de Pessoas	END	1693248594308
REQUEST		consulta	1693248594335	1693248594342	OK	 
USER	Criação E Talvez Consulta de Pessoas	END	1693248594343
USER	Criação E Talvez Consulta de Pessoas	START	1693248594764
USER	Busca Válida de Pessoas	START	1693248594764
USER	Busca Inválida de Pessoas	START	1693248594771
REQUEST		busca inválida	1693248594769	1693248594787	OK	 
USER	Busca Inválida de Pessoas	END	1693248594795
REQUEST		busca válida	1693248594775	1693248594804	OK	 
REQUEST		criação	1693248594777	1693248594804	OK	 
USER	Busca Válida de Pessoas	END	1693248594806
REQUEST		consulta	1693248594832	1693248594838	OK	 
USER	Criação E Talvez Consulta de Pessoas	END	1693248594839
USER	Busca Válida de Pessoas	START	1693248595266
USER	Criação E Talvez Consulta de Pessoas	START	1693248595267
USER	Busca Inválida de Pessoas	START	1693248595273
REQUEST		busca válida	1693248595272	1693248595290	OK	 
REQUEST		busca inválida	1693248595270	1693248595291	OK	 
REQUEST		criação	1693248595272	1693248595291	OK	 
USER	Busca Inválida de Pessoas	END	1693248595293
USER	Busca Válida de Pessoas	END	1693248595293
REQUEST		consulta	1693248595304	1693248595314	OK	 
USER	Criação E Talvez Consulta de Pessoas	END	1693248595315
USER	Busca Válida de Pessoas	START	1693248595770
USER	Criação E Talvez Consulta de Pessoas	START	1693248595772
USER	Busca Inválida de Pessoas	START	1693248595781
REQUEST		busca inválida	1693248595770	1693248595795	OK	 
REQUEST		criação	1693248595785	1693248595796	OK	 
USER	Busca Inválida de Pessoas	END	1693248595803
REQUEST		busca válida	1693248595772	1693248595803	OK	 
USER	Busca Válida de Pessoas	END	1693248595806
REQUEST		consulta	1693248595814	1693248595822	OK	 
USER	Criação E Talvez Consulta de Pessoas	END	1693248595824
USER	Criação E Talvez Consulta de Pessoas	START	1693248596272
USER	Busca Válida de Pessoas	START	1693248596272
USER	Busca Inválida de Pessoas	START	1693248596279
REQUEST		busca inválida	1693248596276	1693248596296	OK	 
USER	Busca Inválida de Pessoas	END	1693248596301
REQUEST		busca válida	1693248596277	1693248596301	OK	 
USER	Busca Válida de Pessoas	END	1693248596302
REQUEST		criação	1693248596281	1693248596311	OK	 
REQUEST		consulta	1693248596323	1693248596330	OK	 
USER	Criação E Talvez Consulta de Pessoas	END	1693248596331
USER	Busca Válida de Pessoas	START	1693248596768
USER	Busca Inválida de Pessoas	START	1693248596771
REQUEST		busca inválida	1693248596766	1693248596785	OK	 
USER	Busca Inválida de Pessoas	END	1693248596786
REQUEST		busca válida	1693248596776	1693248596786	OK	 
USER	Busca Válida de Pessoas	END	1693248596786
USER	Criação E Talvez Consulta de Pessoas	START	1693248596804
REQUEST		criação	1693248596804	1693248596810	OK	 
REQUEST		consulta	1693248596813	1693248596816	OK	 
USER	Criação E Talvez Consulta de Pessoas	END	1693248596817
USER	Criação E Talvez Consulta de Pessoas	START	1693248596948
REQUEST		criação	1693248596952	1693248596976	OK	 
REQUEST		consulta	1693248597003	1693248597007	OK	 
USER	Criação E Talvez Consulta de Pessoas	END	1693248597008
USER	Criação E Talvez Consulta de Pessoas	START	1693248597256
USER	Busca Válida de Pessoas	START	1693248597261
USER	Busca Inválida de Pessoas	START	1693248597263
REQUEST		criação	1693248597257	1693248597270	OK	 
REQUEST		busca inválida	1693248597262	1693248597274	OK	 
USER	Busca Inválida de Pessoas	END	1693248597275
REQUEST		busca válida	1693248597263	1693248597276	OK	 
USER	Busca Válida de Pessoas	END	1693248597277
REQUEST		consulta	1693248597283	1693248597289	OK	 
USER	Criação E Talvez Consulta de Pessoas	END	1693248597289
USER	Criação E Talvez Consulta de Pessoas	START	1693248597355
REQUEST		criação	1693248597356	1693248597363	OK	 
USER	Criação E Talvez Consulta de Pessoas	END	1693248597388
USER	Criação E Talvez Consulta de Pessoas	START	1693248597481
REQUEST		criação	1693248597486	1693248597498	OK	 
REQUEST		consulta	1693248597533	1693248597550	OK	 
USER	Criação E Talvez Consulta de Pessoas	END	1693248597553
USER	Busca Válida de Pessoas	START	1693248597766
USER	Busca Inválida de Pessoas	START	1693248597770
REQUEST		busca válida	1693248597769	1693248597779	OK	 
REQUEST		busca inválida	1693248597767	1693248597779	OK	 
USER	Busca Inválida de Pessoas	END	1693248597782
USER	Busca Válida de Pessoas	END	1693248597782
USER	Criação E Talvez Consulta de Pessoas	START	1693248597912
REQUEST		criação	1693248597914	1693248597927	OK	 
REQUEST		consulta	1693248597940	1693248597949	OK	 
USER	Criação E Talvez Consulta de Pessoas	END	1693248597950
USER	Criação E Talvez Consulta de Pessoas	START	1693248597981
REQUEST		criação	1693248597982	1693248597999	OK	 
USER	Criação E Talvez Consulta de Pessoas	START	1693248598015
REQUEST		criação	1693248598019	1693248598027	OK	 
REQUEST		consulta	1693248598026	1693248598036	OK	 
USER	Criação E Talvez Consulta de Pessoas	END	1693248598036
USER	Criação E Talvez Consulta de Pessoas	END	1693248598055
USER	Busca Válida de Pessoas	START	1693248598263
USER	Busca Inválida de Pessoas	START	1693248598269
USER	Criação E Talvez Consulta de Pessoas	START	1693248598280
REQUEST		busca inválida	1693248598265	1693248598287	OK	 
USER	Busca Inválida de Pessoas	END	1693248598288
REQUEST		busca válida	1693248598267	1693248598289	OK	 
USER	Busca Válida de Pessoas	END	1693248598290
REQUEST		criação	1693248598281	1693248598292	OK	 
USER	Criação E Talvez Consulta de Pessoas	END	1693248598327
USER	Criação E Talvez Consulta de Pessoas	START	1693248598546
REQUEST		criação	1693248598552	1693248598565	OK	 
REQUEST		consulta	1693248598594	1693248598605	OK	 
USER	Criação E Talvez Consulta de Pessoas	END	1693248598607
USER	Criação E Talvez Consulta de Pessoas	START	1693248598667
REQUEST		criação	1693248598669	1693248598683	OK	 
USER	Criação E Talvez Consulta de Pessoas	START	1693248598723
REQUEST		consulta	1693248598714	1693248598726	OK	 
USER	Criação E Talvez Consulta de Pessoas	END	1693248598727
REQUEST		criação	1693248598725	1693248598744	OK	 
USER	Busca Válida de Pessoas	START	1693248598762
USER	Busca Inválida de Pessoas	START	1693248598765
REQUEST		consulta	1693248598751	1693248598765	OK	 
USER	Criação E Talvez Consulta de Pessoas	END	1693248598768
REQUEST		busca inválida	1693248598764	1693248598774	OK	 
REQUEST		busca válida	1693248598763	1693248598777	OK	 
USER	Busca Inválida de Pessoas	END	1693248598787
USER	Busca Válida de Pessoas	END	1693248598788
USER	Criação E Talvez Consulta de Pessoas	START	1693248598890
USER	Criação E Talvez Consulta de Pessoas	START	1693248598896
REQUEST		criação	1693248598897	1693248598904	OK	 
REQUEST		criação	1693248598894	1693248598905	OK	 
USER	Criação E Talvez Consulta de Pessoas	END	1693248598910
REQUEST		consulta	1693248598937	1693248598951	OK	 
USER	Criação E Talvez Consulta de Pessoas	END	1693248598953
USER	Busca Válida de Pessoas	START	1693248599265
USER	Busca Inválida de Pessoas	START	1693248599268
REQUEST		busca inválida	1693248599265	1693248599283	OK	 
REQUEST		busca válida	1693248599267	1693248599283	OK	 
USER	Busca Válida de Pessoas	END	1693248599284
USER	Busca Inválida de Pessoas	END	1693248599284
USER	Criação E Talvez Consulta de Pessoas	START	1693248599492
REQUEST		criação	1693248599494	1693248599507	OK	 
USER	Criação E Talvez Consulta de Pessoas	START	1693248599531
USER	Criação E Talvez Consulta de Pessoas	END	1693248599537
REQUEST		criação	1693248599533	1693248599542	OK	 
REQUEST		consulta	1693248599554	1693248599560	OK	 
USER	Criação E Talvez Consulta de Pessoas	END	1693248599560
USER	Criação E Talvez Consulta de Pessoas	START	1693248599626
REQUEST		criação	1693248599628	1693248599645	OK	 
USER	Criação E Talvez Consulta de Pessoas	START	1693248599661
REQUEST		consulta	1693248599662	1693248599668	OK	 
USER	Criação E Talvez Consulta de Pessoas	END	1693248599669
REQUEST		criação	1693248599662	1693248599682	OK	 
REQUEST		consulta	1693248599702	1693248599707	OK	 
USER	Criação E Talvez Consulta de Pessoas	END	1693248599708
USER	Criação E Talvez Consulta de Pessoas	START	1693248599761
USER	Busca Inválida de Pessoas	START	1693248599765
USER	Busca Válida de Pessoas	START	1693248599765
REQUEST		busca inválida	1693248599763	1693248599776	OK	 
USER	Busca Inválida de Pessoas	END	1693248599777
REQUEST		busca válida	1693248599766	1693248599779	OK	 
REQUEST		criação	1693248599763	1693248599778	OK	 
USER	Busca Válida de Pessoas	END	1693248599780
REQUEST		consulta	1693248599793	1693248599800	OK	 
USER	Criação E Talvez Consulta de Pessoas	END	1693248599801
USER	Criação E Talvez Consulta de Pessoas	START	1693248599873
REQUEST		criação	1693248599876	1693248599880	OK	 
REQUEST		consulta	1693248599899	1693248599902	OK	 
USER	Criação E Talvez Consulta de Pessoas	END	1693248599902
USER	Criação E Talvez Consulta de Pessoas	START	1693248599920
REQUEST		criação	1693248599923	1693248599929	OK	 
REQUEST		consulta	1693248599942	1693248599944	OK	 
USER	Criação E Talvez Consulta de Pessoas	END	1693248599945
USER	Criação E Talvez Consulta de Pessoas	START	1693248600062
REQUEST		criação	1693248600066	1693248600081	OK	 
REQUEST		consulta	1693248600103	1693248600107	OK	 
USER	Criação E Talvez Consulta de Pessoas	END	1693248600109
USER	Busca Válida de Pessoas	START	1693248600264
USER	Busca Inválida de Pessoas	START	1693248600271
REQUEST		busca inválida	1693248600267	1693248600280	OK	 
USER	Busca Inválida de Pessoas	END	1693248600282
REQUEST		busca válida	1693248600271	1693248600283	OK	 
USER	Busca Válida de Pessoas	END	1693248600284
USER	Criação E Talvez Consulta de Pessoas	START	1693248600333
REQUEST		criação	1693248600335	1693248600342	OK	 
REQUEST		consulta	1693248600355	1693248600358	OK	 
USER	Criação E Talvez Consulta de Pessoas	END	1693248600358
USER	Criação E Talvez Consulta de Pessoas	START	1693248600675
REQUEST		criação	1693248600676	1693248600690	OK	 
REQUEST		consulta	1693248600724	1693248600737	OK	 
USER	Criação E Talvez Consulta de Pessoas	END	1693248600738
USER	Busca Válida de Pessoas	START	1693248600764
USER	Busca Inválida de Pessoas	START	1693248600767
REQUEST		busca inválida	1693248600765	1693248600779	OK	 
REQUEST		busca válida	1693248600766	1693248600779	OK	 
USER	Busca Válida de Pessoas	END	1693248600780
USER	Busca Inválida de Pessoas	END	1693248600782
USER	Criação E Talvez Consulta de Pessoas	START	1693248601075
REQUEST		criação	1693248601078	1693248601090	OK	 
REQUEST		consulta	1693248601126	1693248601148	OK	 
USER	Criação E Talvez Consulta de Pessoas	END	1693248601150
USER	Busca Válida de Pessoas	START	1693248601265
USER	Busca Inválida de Pessoas	START	1693248601272
REQUEST		busca inválida	1693248601271	1693248601280	OK	 
REQUEST		busca válida	1693248601271	1693248601280	OK	 
USER	Busca Inválida de Pessoas	END	1693248601281
USER	Busca Válida de Pessoas	END	1693248601281
USER	Criação E Talvez Consulta de Pessoas	START	1693248601338
REQUEST		criação	1693248601340	1693248601352	OK	 
REQUEST		consulta	1693248601363	1693248601372	OK	 
USER	Criação E Talvez Consulta de Pessoas	END	1693248601374
USER	Criação E Talvez Consulta de Pessoas	START	1693248601593
REQUEST		criação	1693248601595	1693248601608	OK	 
USER	Criação E Talvez Consulta de Pessoas	START	1693248601629
USER	Criação E Talvez Consulta de Pessoas	END	1693248601632
REQUEST		criação	1693248601631	1693248601643	OK	 
REQUEST		consulta	1693248601678	1693248601689	OK	 
USER	Criação E Talvez Consulta de Pessoas	END	1693248601691
USER	Busca Válida de Pessoas	START	1693248601764
USER	Busca Inválida de Pessoas	START	1693248601767
REQUEST		busca válida	1693248601765	1693248601784	OK	 
REQUEST		busca inválida	1693248601765	1693248601784	OK	 
USER	Busca Inválida de Pessoas	END	1693248601785
USER	Busca Válida de Pessoas	END	1693248601785
USER	Criação E Talvez Consulta de Pessoas	START	1693248601904
REQUEST		criação	1693248601906	1693248601920	OK	 
USER	Criação E Talvez Consulta de Pessoas	START	1693248601953
REQUEST		consulta	1693248601941	1693248601957	OK	 
USER	Criação E Talvez Consulta de Pessoas	END	1693248601958
REQUEST		criação	1693248601956	1693248601972	OK	 
REQUEST		consulta	1693248601979	1693248601991	OK	 
USER	Criação E Talvez Consulta de Pessoas	END	1693248601995
USER	Criação E Talvez Consulta de Pessoas	START	1693248602203
REQUEST		criação	1693248602204	1693248602214	OK	 
REQUEST		consulta	1693248602244	1693248602254	OK	 
USER	Criação E Talvez Consulta de Pessoas	END	1693248602256
USER	Busca Válida de Pessoas	START	1693248602258
USER	Busca Inválida de Pessoas	START	1693248602261
REQUEST		busca inválida	1693248602259	1693248602266	OK	 
USER	Busca Inválida de Pessoas	END	1693248602269
REQUEST		busca válida	1693248602261	1693248602270	OK	 
USER	Busca Válida de Pessoas	END	1693248602272
USER	Criação E Talvez Consulta de Pessoas	START	1693248602307
REQUEST		criação	1693248602308	1693248602316	OK	 
REQUEST		consulta	1693248602348	1693248602358	OK	 
USER	Criação E Talvez Consulta de Pessoas	END	1693248602361
USER	Criação E Talvez Consulta de Pessoas	START	1693248602444
REQUEST		criação	1693248602446	1693248602465	OK	 
USER	Criação E Talvez Consulta de Pessoas	END	1693248602470
USER	Busca Válida de Pessoas	START	1693248602764
USER	Busca Inválida de Pessoas	START	1693248602766
REQUEST		busca válida	1693248602765	1693248602773	OK	 
REQUEST		busca inválida	1693248602764	1693248602773	OK	 
USER	Busca Inválida de Pessoas	END	1693248602777
USER	Busca Válida de Pessoas	END	1693248602778
USER	Criação E Talvez Consulta de Pessoas	START	1693248602823
REQUEST		criação	1693248602825	1693248602835	OK	 
REQUEST		consulta	1693248602866	1693248602870	OK	 
USER	Criação E Talvez Consulta de Pessoas	END	1693248602871
USER	Criação E Talvez Consulta de Pessoas	START	1693248602906
REQUEST		criação	1693248602911	1693248602923	OK	 
REQUEST		consulta	1693248602962	1693248602973	OK	 
USER	Criação E Talvez Consulta de Pessoas	END	1693248602975
USER	Criação E Talvez Consulta de Pessoas	START	1693248603077
REQUEST		criação	1693248603079	1693248603094	OK	 
REQUEST		consulta	1693248603116	1693248603124	OK	 
USER	Criação E Talvez Consulta de Pessoas	END	1693248603125
USER	Busca Válida de Pessoas	START	1693248603263
USER	Busca Inválida de Pessoas	START	1693248603265
REQUEST		busca inválida	1693248603264	1693248603290	OK	 
REQUEST		busca válida	1693248603264	1693248603290	OK	 
USER	Busca Válida de Pessoas	END	1693248603292
USER	Busca Inválida de Pessoas	END	1693248603292
USER	Criação E Talvez Consulta de Pessoas	START	1693248603404
REQUEST		criação	1693248603406	1693248603420	OK	 
REQUEST		consulta	1693248603458	1693248603468	OK	 
USER	Criação E Talvez Consulta de Pessoas	END	1693248603471
USER	Busca Válida de Pessoas	START	1693248603764
USER	Busca Inválida de Pessoas	START	1693248603769
REQUEST		busca inválida	1693248603766	1693248603777	OK	 
REQUEST		busca válida	1693248603766	1693248603778	OK	 
USER	Busca Inválida de Pessoas	END	1693248603779
USER	Busca Válida de Pessoas	END	1693248603781
USER	Criação E Talvez Consulta de Pessoas	START	1693248603845
REQUEST		criação	1693248603848	1693248603860	OK	 
REQUEST		consulta	1693248603881	1693248603889	OK	 
USER	Criação E Talvez Consulta de Pessoas	END	1693248603891
USER	Criação E Talvez Consulta de Pessoas	START	1693248604088
REQUEST		criação	1693248604091	1693248604109	OK	 
REQUEST		consulta	1693248604130	1693248604141	OK	 
USER	Criação E Talvez Consulta de Pessoas	END	1693248604143
USER	Criação E Talvez Consulta de Pessoas	START	1693248604188
USER	Criação E Talvez Consulta de Pessoas	START	1693248604207
REQUEST		criação	1693248604190	1693248604211	OK	 
REQUEST		criação	1693248604208	1693248604220	OK	 
REQUEST		consulta	1693248604223	1693248604228	OK	 
REQUEST		consulta	1693248604223	1693248604228	OK	 
USER	Criação E Talvez Consulta de Pessoas	END	1693248604229
USER	Criação E Talvez Consulta de Pessoas	END	1693248604229
USER	Busca Válida de Pessoas	START	1693248604263
USER	Busca Inválida de Pessoas	START	1693248604263
REQUEST		busca válida	1693248604264	1693248604285	OK	 
REQUEST		busca inválida	1693248604262	1693248604284	OK	 
USER	Busca Inválida de Pessoas	END	1693248604285
USER	Busca Válida de Pessoas	END	1693248604285
USER	Busca Válida de Pessoas	START	1693248604762
USER	Busca Inválida de Pessoas	START	1693248604768
REQUEST		busca inválida	1693248604765	1693248604777	OK	 
USER	Busca Inválida de Pessoas	END	1693248604780
REQUEST		busca válida	1693248604766	1693248604781	OK	 
USER	Busca Válida de Pessoas	END	1693248604782
USER	Busca Válida de Pessoas	START	1693248605264
USER	Busca Inválida de Pessoas	START	1693248605267
REQUEST		busca válida	1693248605266	1693248605280	OK	 
REQUEST		busca inválida	1693248605265	1693248605280	OK	 
USER	Busca Inválida de Pessoas	END	1693248605281
USER	Busca Válida de Pessoas	END	1693248605282
USER	Busca Válida de Pessoas	START	1693248605764
USER	Busca Inválida de Pessoas	START	1693248605766
REQUEST		busca inválida	1693248605765	1693248605782	OK	 
USER	Busca Inválida de Pessoas	END	1693248605784
REQUEST		busca válida	1693248605765	1693248605790	OK	 
USER	Busca Válida de Pessoas	END	1693248605790
USER	Criação E Talvez Consulta de Pessoas	START	1693248606104
REQUEST		criação	1693248606107	1693248606138	OK	 
REQUEST		consulta	1693248606154	1693248606170	OK	 
USER	Criação E Talvez Consulta de Pessoas	END	1693248606172
USER	Busca Válida de Pessoas	START	1693248606261
USER	Busca Inválida de Pessoas	START	1693248606270
REQUEST		busca inválida	1693248606268	1693248606282	OK	 
REQUEST		busca válida	1693248606268	1693248606282	OK	 
USER	Busca Inválida de Pessoas	END	1693248606283
USER	Busca Válida de Pessoas	END	1693248606283
USER	Criação E Talvez Consulta de Pessoas	START	1693248606407
REQUEST		criação	1693248606409	1693248606423	OK	 
USER	Criação E Talvez Consulta de Pessoas	START	1693248606458
REQUEST		consulta	1693248606457	1693248606467	OK	 
USER	Criação E Talvez Consulta de Pessoas	END	1693248606469
REQUEST		criação	1693248606459	1693248606471	OK	 
REQUEST		consulta	1693248606492	1693248606502	OK	 
USER	Criação E Talvez Consulta de Pessoas	END	1693248606503
USER	Criação E Talvez Consulta de Pessoas	START	1693248606593
REQUEST		criação	1693248606595	1693248606609	OK	 
REQUEST		consulta	1693248606642	1693248606653	OK	 
USER	Criação E Talvez Consulta de Pessoas	END	1693248606654
USER	Busca Válida de Pessoas	START	1693248606761
USER	Busca Inválida de Pessoas	START	1693248606763
REQUEST		busca inválida	1693248606761	1693248606788	OK	 
REQUEST		busca válida	1693248606762	1693248606788	OK	 
USER	Busca Inválida de Pessoas	END	1693248606789
USER	Busca Válida de Pessoas	END	1693248606789
USER	Criação E Talvez Consulta de Pessoas	START	1693248607176
REQUEST		criação	1693248607178	1693248607189	OK	 
REQUEST		consulta	1693248607210	1693248607214	OK	 
USER	Criação E Talvez Consulta de Pessoas	END	1693248607215
USER	Busca Inválida de Pessoas	START	1693248607260
USER	Busca Válida de Pessoas	START	1693248607261
REQUEST		busca inválida	1693248607260	1693248607278	OK	 
USER	Busca Inválida de Pessoas	END	1693248607278
REQUEST		busca válida	1693248607261	1693248607281	OK	 
USER	Busca Válida de Pessoas	END	1693248607281
USER	Criação E Talvez Consulta de Pessoas	START	1693248607350
REQUEST		criação	1693248607354	1693248607383	OK	 
REQUEST		consulta	1693248607398	1693248607402	OK	 
USER	Criação E Talvez Consulta de Pessoas	END	1693248607403
USER	Criação E Talvez Consulta de Pessoas	START	1693248607642
REQUEST		criação	1693248607643	1693248607657	OK	 
REQUEST		consulta	1693248607659	1693248607665	OK	 
USER	Criação E Talvez Consulta de Pessoas	END	1693248607666
USER	Criação E Talvez Consulta de Pessoas	START	1693248607736
REQUEST		criação	1693248607737	1693248607745	OK	 
USER	Busca Válida de Pessoas	START	1693248607759
REQUEST		consulta	1693248607756	1693248607760	OK	 
USER	Criação E Talvez Consulta de Pessoas	END	1693248607760
USER	Busca Inválida de Pessoas	START	1693248607762
REQUEST		busca válida	1693248607761	1693248607770	OK	 
USER	Busca Válida de Pessoas	END	1693248607771
REQUEST		busca inválida	1693248607760	1693248607771	OK	 
USER	Busca Inválida de Pessoas	END	1693248607772
USER	Criação E Talvez Consulta de Pessoas	START	1693248607853
USER	Criação E Talvez Consulta de Pessoas	START	1693248607854
REQUEST		criação	1693248607854	1693248607861	OK	 
REQUEST		criação	1693248607853	1693248607861	OK	 
REQUEST		consulta	1693248607866	1693248607871	OK	 
USER	Criação E Talvez Consulta de Pessoas	START	1693248607871
USER	Criação E Talvez Consulta de Pessoas	END	1693248607871
REQUEST		criação	1693248607872	1693248607877	OK	 
REQUEST		consulta	1693248607895	1693248607898	OK	 
REQUEST		consulta	1693248607895	1693248607898	OK	 
USER	Criação E Talvez Consulta de Pessoas	END	1693248607898
USER	Criação E Talvez Consulta de Pessoas	END	1693248607899
USER	Criação E Talvez Consulta de Pessoas	START	1693248608235
REQUEST		criação	1693248608237	1693248608247	OK	 
USER	Busca Válida de Pessoas	START	1693248608264
USER	Busca Inválida de Pessoas	START	1693248608268
REQUEST		busca válida	1693248608267	1693248608278	OK	 
REQUEST		busca inválida	1693248608266	1693248608278	OK	 
USER	Busca Válida de Pessoas	END	1693248608279
USER	Busca Inválida de Pessoas	END	1693248608279
REQUEST		consulta	1693248608281	1693248608294	OK	 
USER	Criação E Talvez Consulta de Pessoas	END	1693248608296
USER	Criação E Talvez Consulta de Pessoas	START	1693248608459
REQUEST		criação	1693248608463	1693248608478	OK	 
REQUEST		consulta	1693248608492	1693248608498	OK	 
USER	Criação E Talvez Consulta de Pessoas	END	1693248608499
USER	Criação E Talvez Consulta de Pessoas	START	1693248608683
USER	Criação E Talvez Consulta de Pessoas	START	1693248608688
REQUEST		criação	1693248608685	1693248608694	OK	 
REQUEST		criação	1693248608689	1693248608695	OK	 
USER	Criação E Talvez Consulta de Pessoas	END	1693248608719
REQUEST		consulta	1693248608730	1693248608740	OK	 
USER	Criação E Talvez Consulta de Pessoas	END	1693248608741
USER	Busca Válida de Pessoas	START	1693248608763
USER	Busca Inválida de Pessoas	START	1693248608765
REQUEST		busca inválida	1693248608764	1693248608771	OK	 
USER	Busca Inválida de Pessoas	END	1693248608772
REQUEST		busca válida	1693248608766	1693248608773	OK	 
USER	Busca Válida de Pessoas	END	1693248608773
USER	Criação E Talvez Consulta de Pessoas	START	1693248608853
REQUEST		criação	1693248608854	1693248608861	OK	 
REQUEST		consulta	1693248608874	1693248608888	OK	 
USER	Criação E Talvez Consulta de Pessoas	END	1693248608889
USER	Busca Válida de Pessoas	START	1693248609261
USER	Busca Inválida de Pessoas	START	1693248609264
REQUEST		busca inválida	1693248609263	1693248609273	OK	 
USER	Busca Inválida de Pessoas	END	1693248609275
REQUEST		busca válida	1693248609263	1693248609275	OK	 
USER	Busca Válida de Pessoas	END	1693248609275
USER	Criação E Talvez Consulta de Pessoas	START	1693248609521
REQUEST		criação	1693248609525	1693248609538	OK	 
REQUEST		consulta	1693248609563	1693248609571	OK	 
USER	Criação E Talvez Consulta de Pessoas	END	1693248609578
USER	Busca Válida de Pessoas	START	1693248609763
USER	Busca Inválida de Pessoas	START	1693248609768
REQUEST		busca inválida	1693248609765	1693248609778	OK	 
REQUEST		busca válida	1693248609765	1693248609781	OK	 
USER	Busca Inválida de Pessoas	END	1693248609782
USER	Busca Válida de Pessoas	END	1693248609782
USER	Criação E Talvez Consulta de Pessoas	START	1693248610115
REQUEST		criação	1693248610117	1693248610128	OK	 
REQUEST		consulta	1693248610162	1693248610168	OK	 
USER	